<?xml version="1.0" encoding="UTF-8"?>
<testng-results ignored="0" total="1" passed="1" failed="0" skipped="0">
  <reporter-output>
  </reporter-output>
  <suite started-at="2023-04-30T22:39:02 IST" name="Default suite" finished-at="2023-04-30T22:39:02 IST" duration-ms="153">
    <groups>
    </groups>
    <test started-at="2023-04-30T22:39:02 IST" name="Default test" finished-at="2023-04-30T22:39:02 IST" duration-ms="153">
      <class name="ccmm.Tst">
        <test-method signature="get()[pri:0, instance:ccmm.Tst@3527942a]" started-at="2023-04-30T22:39:02 IST" name="get" finished-at="2023-04-30T22:39:02 IST" duration-ms="27" status="PASS">
          <reporter-output>
          </reporter-output>
        </test-method> <!-- get -->
      </class> <!-- ccmm.Tst -->
    </test> <!-- Default test -->
  </suite> <!-- Default suite -->
</testng-results>
